<?xml version="1.0" encoding="UTF-8"?>
<testsuite xmlns:xsi="http://www.w3.org/2001/XMLSchema-instance" xsi:noNamespaceSchemaLocation="https://maven.apache.org/surefire/maven-surefire-plugin/xsd/surefire-test-report.xsd" name="com.heima.test.AppTest" time="7.561" tests="19" errors="0" skipped="0" failures="0">
  <properties>
    <property name="sun.desktop" value="windows"/>
    <property name="awt.toolkit" value="sun.awt.windows.WToolkit"/>
    <property name="file.encoding.pkg" value="sun.io"/>
    <property name="java.specification.version" value="1.8"/>
    <property name="sun.cpu.isalist" value="amd64"/>
    <property name="sun.jnu.encoding" value="GBK"/>
    <property name="java.class.path" value="E:\黑马\JavaBase\day55-mybatis-plus\target\test-classes;E:\黑马\JavaBase\day55-mybatis-plus\target\classes;E:\maven\repository\com\baomidou\mybatis-plus-boot-starter\3.4.0\mybatis-plus-boot-starter-3.4.0.jar;E:\maven\repository\com\baomidou\mybatis-plus\3.4.0\mybatis-plus-3.4.0.jar;E:\maven\repository\com\baomidou\mybatis-plus-extension\3.4.0\mybatis-plus-extension-3.4.0.jar;E:\maven\repository\com\baomidou\mybatis-plus-core\3.4.0\mybatis-plus-core-3.4.0.jar;E:\maven\repository\com\baomidou\mybatis-plus-annotation\3.4.0\mybatis-plus-annotation-3.4.0.jar;E:\maven\repository\com\github\jsqlparser\jsqlparser\3.2\jsqlparser-3.2.jar;E:\maven\repository\org\mybatis\mybatis\3.5.5\mybatis-3.5.5.jar;E:\maven\repository\org\mybatis\mybatis-spring\2.0.5\mybatis-spring-2.0.5.jar;E:\maven\repository\org\springframework\boot\spring-boot-autoconfigure\2.1.6.RELEASE\spring-boot-autoconfigure-2.1.6.RELEASE.jar;E:\maven\repository\org\springframework\boot\spring-boot\2.1.6.RELEASE\spring-boot-2.1.6.RELEASE.jar;E:\maven\repository\org\springframework\boot\spring-boot-starter-jdbc\2.1.6.RELEASE\spring-boot-starter-jdbc-2.1.6.RELEASE.jar;E:\maven\repository\com\zaxxer\HikariCP\3.2.0\HikariCP-3.2.0.jar;E:\maven\repository\org\springframework\spring-jdbc\5.1.8.RELEASE\spring-jdbc-5.1.8.RELEASE.jar;E:\maven\repository\org\springframework\spring-tx\5.1.8.RELEASE\spring-tx-5.1.8.RELEASE.jar;E:\maven\repository\mysql\mysql-connector-java\5.1.47\mysql-connector-java-5.1.47.jar;E:\maven\repository\org\springframework\boot\spring-boot-starter-test\2.1.6.RELEASE\spring-boot-starter-test-2.1.6.RELEASE.jar;E:\maven\repository\org\springframework\boot\spring-boot-starter\2.1.6.RELEASE\spring-boot-starter-2.1.6.RELEASE.jar;E:\maven\repository\org\springframework\boot\spring-boot-starter-logging\2.1.6.RELEASE\spring-boot-starter-logging-2.1.6.RELEASE.jar;E:\maven\repository\ch\qos\logback\logback-classic\1.2.3\logback-classic-1.2.3.jar;E:\maven\repository\ch\qos\logback\logback-core\1.2.3\logback-core-1.2.3.jar;E:\maven\repository\org\apache\logging\log4j\log4j-to-slf4j\2.11.2\log4j-to-slf4j-2.11.2.jar;E:\maven\repository\org\apache\logging\log4j\log4j-api\2.11.2\log4j-api-2.11.2.jar;E:\maven\repository\org\slf4j\jul-to-slf4j\1.7.26\jul-to-slf4j-1.7.26.jar;E:\maven\repository\org\yaml\snakeyaml\1.23\snakeyaml-1.23.jar;E:\maven\repository\org\springframework\boot\spring-boot-test\2.1.6.RELEASE\spring-boot-test-2.1.6.RELEASE.jar;E:\maven\repository\org\springframework\boot\spring-boot-test-autoconfigure\2.1.6.RELEASE\spring-boot-test-autoconfigure-2.1.6.RELEASE.jar;E:\maven\repository\com\jayway\jsonpath\json-path\2.4.0\json-path-2.4.0.jar;E:\maven\repository\net\minidev\json-smart\2.3\json-smart-2.3.jar;E:\maven\repository\net\minidev\accessors-smart\1.2\accessors-smart-1.2.jar;E:\maven\repository\org\ow2\asm\asm\5.0.4\asm-5.0.4.jar;E:\maven\repository\org\slf4j\slf4j-api\1.7.26\slf4j-api-1.7.26.jar;E:\maven\repository\junit\junit\4.12\junit-4.12.jar;E:\maven\repository\org\assertj\assertj-core\3.11.1\assertj-core-3.11.1.jar;E:\maven\repository\org\mockito\mockito-core\2.23.4\mockito-core-2.23.4.jar;E:\maven\repository\net\bytebuddy\byte-buddy\1.9.13\byte-buddy-1.9.13.jar;E:\maven\repository\net\bytebuddy\byte-buddy-agent\1.9.13\byte-buddy-agent-1.9.13.jar;E:\maven\repository\org\objenesis\objenesis\2.6\objenesis-2.6.jar;E:\maven\repository\org\hamcrest\hamcrest-core\1.3\hamcrest-core-1.3.jar;E:\maven\repository\org\hamcrest\hamcrest-library\1.3\hamcrest-library-1.3.jar;E:\maven\repository\org\skyscreamer\jsonassert\1.5.0\jsonassert-1.5.0.jar;E:\maven\repository\com\vaadin\external\google\android-json\0.0.20131108.vaadin1\android-json-0.0.20131108.vaadin1.jar;E:\maven\repository\org\springframework\spring-core\5.1.8.RELEASE\spring-core-5.1.8.RELEASE.jar;E:\maven\repository\org\springframework\spring-jcl\5.1.8.RELEASE\spring-jcl-5.1.8.RELEASE.jar;E:\maven\repository\org\springframework\spring-test\5.1.8.RELEASE\spring-test-5.1.8.RELEASE.jar;E:\maven\repository\org\xmlunit\xmlunit-core\2.6.2\xmlunit-core-2.6.2.jar;E:\maven\repository\org\projectlombok\lombok\1.18.8\lombok-1.18.8.jar;E:\maven\repository\org\springframework\boot\spring-boot-starter-web\2.1.6.RELEASE\spring-boot-starter-web-2.1.6.RELEASE.jar;E:\maven\repository\org\springframework\boot\spring-boot-starter-json\2.1.6.RELEASE\spring-boot-starter-json-2.1.6.RELEASE.jar;E:\maven\repository\com\fasterxml\jackson\core\jackson-databind\2.9.9\jackson-databind-2.9.9.jar;E:\maven\repository\com\fasterxml\jackson\core\jackson-annotations\2.9.0\jackson-annotations-2.9.0.jar;E:\maven\repository\com\fasterxml\jackson\core\jackson-core\2.9.9\jackson-core-2.9.9.jar;E:\maven\repository\com\fasterxml\jackson\datatype\jackson-datatype-jdk8\2.9.9\jackson-datatype-jdk8-2.9.9.jar;E:\maven\repository\com\fasterxml\jackson\datatype\jackson-datatype-jsr310\2.9.9\jackson-datatype-jsr310-2.9.9.jar;E:\maven\repository\com\fasterxml\jackson\module\jackson-module-parameter-names\2.9.9\jackson-module-parameter-names-2.9.9.jar;E:\maven\repository\org\hibernate\validator\hibernate-validator\6.0.17.Final\hibernate-validator-6.0.17.Final.jar;E:\maven\repository\javax\validation\validation-api\2.0.1.Final\validation-api-2.0.1.Final.jar;E:\maven\repository\org\jboss\logging\jboss-logging\3.3.2.Final\jboss-logging-3.3.2.Final.jar;E:\maven\repository\com\fasterxml\classmate\1.4.0\classmate-1.4.0.jar;E:\maven\repository\org\springframework\spring-web\5.1.8.RELEASE\spring-web-5.1.8.RELEASE.jar;E:\maven\repository\org\springframework\spring-beans\5.1.8.RELEASE\spring-beans-5.1.8.RELEASE.jar;E:\maven\repository\org\springframework\spring-webmvc\5.1.8.RELEASE\spring-webmvc-5.1.8.RELEASE.jar;E:\maven\repository\org\springframework\spring-aop\5.1.8.RELEASE\spring-aop-5.1.8.RELEASE.jar;E:\maven\repository\org\springframework\spring-context\5.1.8.RELEASE\spring-context-5.1.8.RELEASE.jar;E:\maven\repository\org\springframework\spring-expression\5.1.8.RELEASE\spring-expression-5.1.8.RELEASE.jar;E:\maven\repository\org\springframework\boot\spring-boot-starter-tomcat\2.1.6.RELEASE\spring-boot-starter-tomcat-2.1.6.RELEASE.jar;E:\maven\repository\javax\annotation\javax.annotation-api\1.3.2\javax.annotation-api-1.3.2.jar;E:\maven\repository\org\apache\tomcat\embed\tomcat-embed-core\9.0.21\tomcat-embed-core-9.0.21.jar;E:\maven\repository\org\apache\tomcat\embed\tomcat-embed-el\9.0.21\tomcat-embed-el-9.0.21.jar;E:\maven\repository\org\apache\tomcat\embed\tomcat-embed-websocket\9.0.21\tomcat-embed-websocket-9.0.21.jar;"/>
    <property name="java.vm.vendor" value="Amazon.com Inc."/>
    <property name="sun.arch.data.model" value="64"/>
    <property name="user.variant" value=""/>
    <property name="java.vendor.url" value="https://aws.amazon.com/corretto/"/>
    <property name="user.timezone" value="Asia/Shanghai"/>
    <property name="user.country.format" value="HK"/>
    <property name="java.vm.specification.version" value="1.8"/>
    <property name="os.name" value="Windows 10"/>
    <property name="user.country" value="CN"/>
    <property name="sun.java.launcher" value="SUN_STANDARD"/>
    <property name="sun.boot.library.path" value="E:\Program Files\Java\jdk1.8\jre\bin"/>
    <property name="sun.java.command" value="C:\Users\Lenovo\AppData\Local\Temp\surefire7281898622976404412\surefirebooter1927271674266230244.jar C:\Users\Lenovo\AppData\Local\Temp\surefire7281898622976404412 2021-10-05T22-28-01_463-jvmRun1 surefire4468345577064859941tmp surefire_03698303178608453345tmp"/>
    <property name="surefire.test.class.path" value="E:\黑马\JavaBase\day55-mybatis-plus\target\test-classes;E:\黑马\JavaBase\day55-mybatis-plus\target\classes;E:\maven\repository\com\baomidou\mybatis-plus-boot-starter\3.4.0\mybatis-plus-boot-starter-3.4.0.jar;E:\maven\repository\com\baomidou\mybatis-plus\3.4.0\mybatis-plus-3.4.0.jar;E:\maven\repository\com\baomidou\mybatis-plus-extension\3.4.0\mybatis-plus-extension-3.4.0.jar;E:\maven\repository\com\baomidou\mybatis-plus-core\3.4.0\mybatis-plus-core-3.4.0.jar;E:\maven\repository\com\baomidou\mybatis-plus-annotation\3.4.0\mybatis-plus-annotation-3.4.0.jar;E:\maven\repository\com\github\jsqlparser\jsqlparser\3.2\jsqlparser-3.2.jar;E:\maven\repository\org\mybatis\mybatis\3.5.5\mybatis-3.5.5.jar;E:\maven\repository\org\mybatis\mybatis-spring\2.0.5\mybatis-spring-2.0.5.jar;E:\maven\repository\org\springframework\boot\spring-boot-autoconfigure\2.1.6.RELEASE\spring-boot-autoconfigure-2.1.6.RELEASE.jar;E:\maven\repository\org\springframework\boot\spring-boot\2.1.6.RELEASE\spring-boot-2.1.6.RELEASE.jar;E:\maven\repository\org\springframework\boot\spring-boot-starter-jdbc\2.1.6.RELEASE\spring-boot-starter-jdbc-2.1.6.RELEASE.jar;E:\maven\repository\com\zaxxer\HikariCP\3.2.0\HikariCP-3.2.0.jar;E:\maven\repository\org\springframework\spring-jdbc\5.1.8.RELEASE\spring-jdbc-5.1.8.RELEASE.jar;E:\maven\repository\org\springframework\spring-tx\5.1.8.RELEASE\spring-tx-5.1.8.RELEASE.jar;E:\maven\repository\mysql\mysql-connector-java\5.1.47\mysql-connector-java-5.1.47.jar;E:\maven\repository\org\springframework\boot\spring-boot-starter-test\2.1.6.RELEASE\spring-boot-starter-test-2.1.6.RELEASE.jar;E:\maven\repository\org\springframework\boot\spring-boot-starter\2.1.6.RELEASE\spring-boot-starter-2.1.6.RELEASE.jar;E:\maven\repository\org\springframework\boot\spring-boot-starter-logging\2.1.6.RELEASE\spring-boot-starter-logging-2.1.6.RELEASE.jar;E:\maven\repository\ch\qos\logback\logback-classic\1.2.3\logback-classic-1.2.3.jar;E:\maven\repository\ch\qos\logback\logback-core\1.2.3\logback-core-1.2.3.jar;E:\maven\repository\org\apache\logging\log4j\log4j-to-slf4j\2.11.2\log4j-to-slf4j-2.11.2.jar;E:\maven\repository\org\apache\logging\log4j\log4j-api\2.11.2\log4j-api-2.11.2.jar;E:\maven\repository\org\slf4j\jul-to-slf4j\1.7.26\jul-to-slf4j-1.7.26.jar;E:\maven\repository\org\yaml\snakeyaml\1.23\snakeyaml-1.23.jar;E:\maven\repository\org\springframework\boot\spring-boot-test\2.1.6.RELEASE\spring-boot-test-2.1.6.RELEASE.jar;E:\maven\repository\org\springframework\boot\spring-boot-test-autoconfigure\2.1.6.RELEASE\spring-boot-test-autoconfigure-2.1.6.RELEASE.jar;E:\maven\repository\com\jayway\jsonpath\json-path\2.4.0\json-path-2.4.0.jar;E:\maven\repository\net\minidev\json-smart\2.3\json-smart-2.3.jar;E:\maven\repository\net\minidev\accessors-smart\1.2\accessors-smart-1.2.jar;E:\maven\repository\org\ow2\asm\asm\5.0.4\asm-5.0.4.jar;E:\maven\repository\org\slf4j\slf4j-api\1.7.26\slf4j-api-1.7.26.jar;E:\maven\repository\junit\junit\4.12\junit-4.12.jar;E:\maven\repository\org\assertj\assertj-core\3.11.1\assertj-core-3.11.1.jar;E:\maven\repository\org\mockito\mockito-core\2.23.4\mockito-core-2.23.4.jar;E:\maven\repository\net\bytebuddy\byte-buddy\1.9.13\byte-buddy-1.9.13.jar;E:\maven\repository\net\bytebuddy\byte-buddy-agent\1.9.13\byte-buddy-agent-1.9.13.jar;E:\maven\repository\org\objenesis\objenesis\2.6\objenesis-2.6.jar;E:\maven\repository\org\hamcrest\hamcrest-core\1.3\hamcrest-core-1.3.jar;E:\maven\repository\org\hamcrest\hamcrest-library\1.3\hamcrest-library-1.3.jar;E:\maven\repository\org\skyscreamer\jsonassert\1.5.0\jsonassert-1.5.0.jar;E:\maven\repository\com\vaadin\external\google\android-json\0.0.20131108.vaadin1\android-json-0.0.20131108.vaadin1.jar;E:\maven\repository\org\springframework\spring-core\5.1.8.RELEASE\spring-core-5.1.8.RELEASE.jar;E:\maven\repository\org\springframework\spring-jcl\5.1.8.RELEASE\spring-jcl-5.1.8.RELEASE.jar;E:\maven\repository\org\springframework\spring-test\5.1.8.RELEASE\spring-test-5.1.8.RELEASE.jar;E:\maven\repository\org\xmlunit\xmlunit-core\2.6.2\xmlunit-core-2.6.2.jar;E:\maven\repository\org\projectlombok\lombok\1.18.8\lombok-1.18.8.jar;E:\maven\repository\org\springframework\boot\spring-boot-starter-web\2.1.6.RELEASE\spring-boot-starter-web-2.1.6.RELEASE.jar;E:\maven\repository\org\springframework\boot\spring-boot-starter-json\2.1.6.RELEASE\spring-boot-starter-json-2.1.6.RELEASE.jar;E:\maven\repository\com\fasterxml\jackson\core\jackson-databind\2.9.9\jackson-databind-2.9.9.jar;E:\maven\repository\com\fasterxml\jackson\core\jackson-annotations\2.9.0\jackson-annotations-2.9.0.jar;E:\maven\repository\com\fasterxml\jackson\core\jackson-core\2.9.9\jackson-core-2.9.9.jar;E:\maven\repository\com\fasterxml\jackson\datatype\jackson-datatype-jdk8\2.9.9\jackson-datatype-jdk8-2.9.9.jar;E:\maven\repository\com\fasterxml\jackson\datatype\jackson-datatype-jsr310\2.9.9\jackson-datatype-jsr310-2.9.9.jar;E:\maven\repository\com\fasterxml\jackson\module\jackson-module-parameter-names\2.9.9\jackson-module-parameter-names-2.9.9.jar;E:\maven\repository\org\hibernate\validator\hibernate-validator\6.0.17.Final\hibernate-validator-6.0.17.Final.jar;E:\maven\repository\javax\validation\validation-api\2.0.1.Final\validation-api-2.0.1.Final.jar;E:\maven\repository\org\jboss\logging\jboss-logging\3.3.2.Final\jboss-logging-3.3.2.Final.jar;E:\maven\repository\com\fasterxml\classmate\1.4.0\classmate-1.4.0.jar;E:\maven\repository\org\springframework\spring-web\5.1.8.RELEASE\spring-web-5.1.8.RELEASE.jar;E:\maven\repository\org\springframework\spring-beans\5.1.8.RELEASE\spring-beans-5.1.8.RELEASE.jar;E:\maven\repository\org\springframework\spring-webmvc\5.1.8.RELEASE\spring-webmvc-5.1.8.RELEASE.jar;E:\maven\repository\org\springframework\spring-aop\5.1.8.RELEASE\spring-aop-5.1.8.RELEASE.jar;E:\maven\repository\org\springframework\spring-context\5.1.8.RELEASE\spring-context-5.1.8.RELEASE.jar;E:\maven\repository\org\springframework\spring-expression\5.1.8.RELEASE\spring-expression-5.1.8.RELEASE.jar;E:\maven\repository\org\springframework\boot\spring-boot-starter-tomcat\2.1.6.RELEASE\spring-boot-starter-tomcat-2.1.6.RELEASE.jar;E:\maven\repository\javax\annotation\javax.annotation-api\1.3.2\javax.annotation-api-1.3.2.jar;E:\maven\repository\org\apache\tomcat\embed\tomcat-embed-core\9.0.21\tomcat-embed-core-9.0.21.jar;E:\maven\repository\org\apache\tomcat\embed\tomcat-embed-el\9.0.21\tomcat-embed-el-9.0.21.jar;E:\maven\repository\org\apache\tomcat\embed\tomcat-embed-websocket\9.0.21\tomcat-embed-websocket-9.0.21.jar;"/>
    <property name="sun.cpu.endian" value="little"/>
    <property name="user.home" value="C:\Users\Lenovo"/>
    <property name="user.language" value="zh"/>
    <property name="java.specification.vendor" value="Oracle Corporation"/>
    <property name="java.home" value="E:\Program Files\Java\jdk1.8\jre"/>
    <property name="basedir" value="E:\黑马\JavaBase\day55-mybatis-plus"/>
    <property name="file.separator" value="\"/>
    <property name="line.separator" value="&#10;"/>
    <property name="java.vm.specification.vendor" value="Oracle Corporation"/>
    <property name="java.specification.name" value="Java Platform API Specification"/>
    <property name="java.awt.graphicsenv" value="sun.awt.Win32GraphicsEnvironment"/>
    <property name="surefire.real.class.path" value="C:\Users\Lenovo\AppData\Local\Temp\surefire7281898622976404412\surefirebooter1927271674266230244.jar"/>
    <property name="sun.boot.class.path" value="E:\Program Files\Java\jdk1.8\jre\lib\resources.jar;E:\Program Files\Java\jdk1.8\jre\lib\rt.jar;E:\Program Files\Java\jdk1.8\jre\lib\sunrsasign.jar;E:\Program Files\Java\jdk1.8\jre\lib\jsse.jar;E:\Program Files\Java\jdk1.8\jre\lib\jce.jar;E:\Program Files\Java\jdk1.8\jre\lib\charsets.jar;E:\Program Files\Java\jdk1.8\jre\lib\jfr.jar;E:\Program Files\Java\jdk1.8\jre\classes"/>
    <property name="user.script" value=""/>
    <property name="user.script.format" value="Hans"/>
    <property name="sun.management.compiler" value="HotSpot 64-Bit Tiered Compilers"/>
    <property name="java.runtime.version" value="1.8.0_292-b10"/>
    <property name="user.name" value="Lenovo"/>
    <property name="path.separator" value=";"/>
    <property name="os.version" value="10.0"/>
    <property name="java.endorsed.dirs" value="E:\Program Files\Java\jdk1.8\jre\lib\endorsed"/>
    <property name="java.runtime.name" value="OpenJDK Runtime Environment"/>
    <property name="file.encoding" value="GBK"/>
    <property name="java.vm.name" value="OpenJDK 64-Bit Server VM"/>
    <property name="localRepository" value="E:\maven\repository"/>
    <property name="java.vendor.url.bug" value="https://github.com/corretto/corretto-8/issues/"/>
    <property name="java.io.tmpdir" value="C:\Users\Lenovo\AppData\Local\Temp\"/>
    <property name="java.version" value="1.8.0_292"/>
    <property name="user.dir" value="E:\黑马\JavaBase\day55-mybatis-plus"/>
    <property name="os.arch" value="amd64"/>
    <property name="java.vm.specification.name" value="Java Virtual Machine Specification"/>
    <property name="java.awt.printerjob" value="sun.awt.windows.WPrinterJob"/>
    <property name="sun.os.patch.level" value=""/>
    <property name="idea.version2019.3.5" value="true"/>
    <property name="java.library.path" value="E:\Program Files\Java\jdk1.8\jre\bin;C:\WINDOWS\Sun\Java\bin;C:\WINDOWS\system32;C:\WINDOWS;E:\Program Files (x86)\VMware\VMware Workstation\bin\;E:\Program Files\Java\jdk1.8.0_301\bin;C:\Program Files\Common Files\Oracle\Java\javapath;C:\Program Files (x86)\Common Files\Oracle\Java\javapath;C:\Python27\;C:\Python27\Scripts;C:\Program Files (x86)\Intel\iCLS Client\;C:\Program Files\Intel\iCLS Client\;C:\WINDOWS\system32;C:\WINDOWS;C:\WINDOWS\System32\Wbem;C:\WINDOWS\System32\WindowsPowerShell\v1.0\;C:\Program Files (x86)\Intel\Intel(R) Management Engine Components\DAL;C:\Program Files\Intel\Intel(R) Management Engine Components\DAL;C:\Program Files (x86)\Intel\Intel(R) Management Engine Components\IPT;C:\Program Files\Intel\Intel(R) Management Engine Components\IPT;C:\WINDOWS\System32\OpenSSH\;C:\Program Files (x86)\GtkSharp\2.12\bin;C:\Program Files\Lua;C:\Program Files\nodejs\;C:\Program Files (x86)\nodejs\node.exe;C:\Program Files\Git\cmd;D:\Program Files\TortoiseGit\bin;E:\Program Files\MySQL\MySQL Server 5.6\bin;C:\Users\Lenovo\AppData\Local\Microsoft\WindowsApps;C:\Program Files\Lua;C:\Users\Lenovo\AppData\Local\Programs\Microsoft VS Code\bin;C:\Users\Lenovo\AppData\Roaming\npm;D:\Program Files\JetBrains\WebStorm 2020.2.3\bin;;E:\Program Files\JetBrains\IntelliJ IDEA 2019.3.5\bin;;E:\maven\apache-maven-3.5.2\bin;;."/>
    <property name="java.vm.info" value="mixed mode"/>
    <property name="java.vendor" value="Amazon.com Inc."/>
    <property name="java.vm.version" value="25.292-b10"/>
    <property name="java.ext.dirs" value="E:\Program Files\Java\jdk1.8\jre\lib\ext;C:\WINDOWS\Sun\Java\lib\ext"/>
    <property name="sun.io.unicode.encoding" value="UnicodeLittle"/>
    <property name="maven.repo.local" value="E:\maven\repository"/>
    <property name="java.class.version" value="52.0"/>
  </properties>
  <testcase name="restFind1" classname="com.heima.test.AppTest" time="1.334"/>
  <testcase name="restFind2" classname="com.heima.test.AppTest" time="0.012"/>
  <testcase name="restFind3" classname="com.heima.test.AppTest" time="0.02"/>
  <testcase name="restFind4" classname="com.heima.test.AppTest" time="0.014"/>
  <testcase name="testDeleteByIds" classname="com.heima.test.AppTest" time="0.008"/>
  <testcase name="testDeleteByMap" classname="com.heima.test.AppTest" time="0.008"/>
  <testcase name="testFindAll" classname="com.heima.test.AppTest" time="0.012"/>
  <testcase name="testPage1" classname="com.heima.test.AppTest" time="0.136"/>
  <testcase name="testEnum" classname="com.heima.test.AppTest" time="0.012"/>
  <testcase name="testPage" classname="com.heima.test.AppTest" time="0.023"/>
  <testcase name="addEnumInsertTest" classname="com.heima.test.AppTest" time="0.037"/>
  <testcase name="testDeleteByWrapper" classname="com.heima.test.AppTest" time="0.011"/>
  <testcase name="testUpdateById" classname="com.heima.test.AppTest" time="0.011"/>
  <testcase name="testUpdateByCondition" classname="com.heima.test.AppTest" time="0.009"/>
  <testcase name="restFindSort" classname="com.heima.test.AppTest" time="0.012"/>
  <testcase name="save" classname="com.heima.test.AppTest" time="0.012"/>
  <testcase name="test1" classname="com.heima.test.AppTest" time="0.004"/>
  <testcase name="restFindSelect" classname="com.heima.test.AppTest" time="0.003"/>
  <testcase name="testDeleteById" classname="com.heima.test.AppTest" time="0.004"/>
</testsuite>